0 verbose cli D:\Program Files\nodejs\node.exe D:\Program Files\nodejs\node_modules\npm\bin\npm-cli.js
1 info using npm@10.9.2
2 info using node@v22.17.0
3 silly config load:file:D:\Program Files\nodejs\node_modules\npm\npmrc
4 silly config load:file:D:\BLOG\astro-theme-pure\.npmrc
5 silly config load:file:C:\Users\31351\.npmrc
6 silly config load:file:D:\Program Files\nodejs\node_cache\etc\npmrc
7 verbose title npm install astro-pure@latest
8 verbose argv "install" "astro-pure@latest" "--cache" ".npm-cache"
9 verbose logfile logs-max:10 dir:D:\BLOG\astro-theme-pure\.npm-cache\_logs\2026-04-04T13_32_18_290Z-
10 verbose logfile D:\BLOG\astro-theme-pure\.npm-cache\_logs\2026-04-04T13_32_18_290Z-debug-0.log
11 silly logfile done cleaning log files
12 silly packumentCache heap:4345298944 maxSize:1086324736 maxEntrySize:543162368
13 silly packumentCache corgi:https://registry.npm.taobao.org/astro-pure cache-miss
14 http fetch GET 200 https://registry.npmmirror.com/astro-pure 3317ms (cache miss)
15 silly packumentCache corgi:https://registry.npm.taobao.org/astro-pure set size:6321 disposed:false
16 silly idealTree buildDeps
17 silly reify moves {}
18 silly audit bulk request {
18 silly audit   '@antfu/install-pkg': [ '1.1.0' ],
18 silly audit   '@astrojs/check': [ '0.9.8' ],
18 silly audit   '@astrojs/compiler': [ '2.13.1' ],
18 silly audit   '@astrojs/internal-helpers': [ '0.7.6' ],
18 silly audit   '@astrojs/language-server': [ '2.16.6' ],
18 silly audit   '@astrojs/markdown-remark': [ '6.3.11' ],
18 silly audit   '@astrojs/mdx': [ '4.3.14' ],
18 silly audit   '@astrojs/prism': [ '3.3.0' ],
18 silly audit   '@astrojs/rss': [ '4.0.18' ],
18 silly audit   '@astrojs/sitemap': [ '3.7.2' ],
18 silly audit   '@astrojs/telemetry': [ '3.3.0' ],
18 silly audit   '@astrojs/vercel': [ '9.0.5' ],
18 silly audit   '@astrojs/yaml2ts': [ '0.2.3' ],
18 silly audit   '@babel/code-frame': [ '7.29.0' ],
18 silly audit   '@babel/generator': [ '7.29.1' ],
18 silly audit   '@babel/helper-globals': [ '7.28.0' ],
18 silly audit   '@babel/helper-string-parser': [ '7.27.1' ],
18 silly audit   '@babel/helper-validator-identifier': [ '7.28.5' ],
18 silly audit   '@babel/parser': [ '7.29.2' ],
18 silly audit   '@babel/template': [ '7.28.6' ],
18 silly audit   '@babel/traverse': [ '7.29.0' ],
18 silly audit   '@babel/types': [ '7.29.0' ],
18 silly audit   '@capsizecss/unpack': [ '4.0.0' ],
18 silly audit   '@emmetio/abbreviation': [ '2.3.3' ],
18 silly audit   '@emmetio/css-abbreviation': [ '2.1.8' ],
18 silly audit   '@emmetio/css-parser': [ '0.4.1' ],
18 silly audit   '@emmetio/html-matcher': [ '1.3.0' ],
18 silly audit   '@emmetio/scanner': [ '1.0.4' ],
18 silly audit   '@emmetio/stream-reader': [ '2.2.0' ],
18 silly audit   '@emmetio/stream-reader-utils': [ '0.1.0' ],
18 silly audit   '@emnapi/core': [ '1.9.2' ],
18 silly audit   '@emnapi/runtime': [ '1.9.2' ],
18 silly audit   '@emnapi/wasi-threads': [ '1.2.1' ],
18 silly audit   '@esbuild/aix-ppc64': [ '0.25.12', '0.27.7' ],
18 silly audit   '@esbuild/android-arm': [ '0.25.12', '0.27.7' ],
18 silly audit   '@esbuild/android-arm64': [ '0.25.12', '0.27.7' ],
18 silly audit   '@esbuild/android-x64': [ '0.25.12', '0.27.7' ],
18 silly audit   '@esbuild/darwin-arm64': [ '0.25.12', '0.27.7' ],
18 silly audit   '@esbuild/darwin-x64': [ '0.25.12', '0.27.7' ],
18 silly audit   '@esbuild/freebsd-arm64': [ '0.25.12', '0.27.7' ],
18 silly audit   '@esbuild/freebsd-x64': [ '0.25.12', '0.27.7' ],
18 silly audit   '@esbuild/linux-arm': [ '0.25.12', '0.27.7' ],
18 silly audit   '@esbuild/linux-arm64': [ '0.25.12', '0.27.7' ],
18 silly audit   '@esbuild/linux-ia32': [ '0.25.12', '0.27.7' ],
18 silly audit   '@esbuild/linux-loong64': [ '0.25.12', '0.27.7' ],
18 silly audit   '@esbuild/linux-mips64el': [ '0.25.12', '0.27.7' ],
18 silly audit   '@esbuild/linux-ppc64': [ '0.25.12', '0.27.7' ],
18 silly audit   '@esbuild/linux-riscv64': [ '0.25.12', '0.27.7' ],
18 silly audit   '@esbuild/linux-s390x': [ '0.25.12', '0.27.7' ],
18 silly audit   '@esbuild/linux-x64': [ '0.25.12', '0.27.7' ],
18 silly audit   '@esbuild/netbsd-arm64': [ '0.25.12', '0.27.7' ],
18 silly audit   '@esbuild/netbsd-x64': [ '0.25.12', '0.27.7' ],
18 silly audit   '@esbuild/openbsd-arm64': [ '0.25.12', '0.27.7' ],
18 silly audit   '@esbuild/openbsd-x64': [ '0.25.12', '0.27.7' ],
18 silly audit   '@esbuild/openharmony-arm64': [ '0.25.12', '0.27.7' ],
18 silly audit   '@esbuild/sunos-x64': [ '0.25.12', '0.27.7' ],
18 silly audit   '@esbuild/win32-arm64': [ '0.25.12', '0.27.7' ],
18 silly audit   '@esbuild/win32-ia32': [ '0.25.12', '0.27.7' ],
18 silly audit   '@esbuild/win32-x64': [ '0.25.12', '0.27.7' ],
18 silly audit   '@eslint-community/eslint-utils': [ '4.9.1' ],
18 silly audit   'eslint-visitor-keys': [ '3.4.3', '4.2.1', '5.0.1' ],
18 silly audit   '@eslint-community/regexpp': [ '4.12.2' ],
18 silly audit   '@eslint/config-array': [ '0.21.2' ],
18 silly audit   'balanced-match': [ '1.0.2', '4.0.4' ],
18 silly audit   'brace-expansion': [ '1.1.13', '5.0.5', '2.0.3' ],
18 silly audit   minimatch: [ '3.1.5', '9.0.9', '10.2.5' ],
18 silly audit   '@eslint/config-helpers': [ '0.4.2' ],
18 silly audit   '@eslint/core': [ '0.17.0' ],
18 silly audit   '@eslint/eslintrc': [ '3.3.5' ],
18 silly audit   '@eslint/js': [ '9.39.4' ],
18 silly audit   '@eslint/object-schema': [ '2.1.7' ],
18 silly audit   '@eslint/plugin-kit': [ '0.4.1' ],
18 silly audit   '@humanfs/core': [ '0.19.1' ],
18 silly audit   '@humanfs/node': [ '0.16.7' ],
18 silly audit   '@humanwhocodes/module-importer': [ '1.0.1' ],
18 silly audit   '@humanwhocodes/retry': [ '0.4.3' ],
18 silly audit   '@ianvs/prettier-plugin-sort-imports': [ '4.7.1' ],
18 silly audit   '@iconify/types': [ '2.0.0' ],
18 silly audit   '@iconify/utils': [ '3.1.0' ],
18 silly audit   '@img/colour': [ '1.1.0' ],
18 silly audit   '@img/sharp-darwin-arm64': [ '0.34.5' ],
18 silly audit   '@img/sharp-darwin-x64': [ '0.34.5' ],
18 silly audit   '@img/sharp-libvips-darwin-arm64': [ '1.2.4' ],
18 silly audit   '@img/sharp-libvips-darwin-x64': [ '1.2.4' ],
18 silly audit   '@img/sharp-libvips-linux-arm': [ '1.2.4' ],
18 silly audit   '@img/sharp-libvips-linux-arm64': [ '1.2.4' ],
18 silly audit   '@img/sharp-libvips-linux-ppc64': [ '1.2.4' ],
18 silly audit   '@img/sharp-libvips-linux-riscv64': [ '1.2.4' ],
18 silly audit   '@img/sharp-libvips-linux-s390x': [ '1.2.4' ],
18 silly audit   '@img/sharp-libvips-linux-x64': [ '1.2.4' ],
18 silly audit   '@img/sharp-libvips-linuxmusl-arm64': [ '1.2.4' ],
18 silly audit   '@img/sharp-libvips-linuxmusl-x64': [ '1.2.4' ],
18 silly audit   '@img/sharp-linux-arm': [ '0.34.5' ],
18 silly audit   '@img/sharp-linux-arm64': [ '0.34.5' ],
18 silly audit   '@img/sharp-linux-ppc64': [ '0.34.5' ],
18 silly audit   '@img/sharp-linux-riscv64': [ '0.34.5' ],
18 silly audit   '@img/sharp-linux-s390x': [ '0.34.5' ],
18 silly audit   '@img/sharp-linux-x64': [ '0.34.5' ],
18 silly audit   '@img/sharp-linuxmusl-arm64': [ '0.34.5' ],
18 silly audit   '@img/sharp-linuxmusl-x64': [ '0.34.5' ],
18 silly audit   '@img/sharp-wasm32': [ '0.34.5' ],
18 silly audit   '@img/sharp-win32-arm64': [ '0.34.5' ],
18 silly audit   '@img/sharp-win32-ia32': [ '0.34.5' ],
18 silly audit   '@img/sharp-win32-x64': [ '0.34.5' ],
18 silly audit   '@isaacs/cliui': [ '8.0.2' ],
18 silly audit   'emoji-regex': [ '9.2.2', '8.0.0', '10.6.0' ],
18 silly audit   'string-width': [ '5.1.2', '4.2.3', '7.2.0' ],
18 silly audit   'wrap-ansi': [ '8.1.0', '7.0.0', '9.0.2' ],
18 silly audit   '@isaacs/fs-minipass': [ '4.0.1' ],
18 silly audit   '@jridgewell/gen-mapping': [ '0.3.13' ],
18 silly audit   '@jridgewell/remapping': [ '2.3.5' ],
18 silly audit   '@jridgewell/resolve-uri': [ '3.1.2' ],
18 silly audit   '@jridgewell/sourcemap-codec': [ '1.5.5' ],
18 silly audit   '@jridgewell/trace-mapping': [ '0.3.31' ],
18 silly audit   '@mapbox/node-pre-gyp': [ '2.0.3' ],
18 silly audit   '@mdx-js/mdx': [ '3.1.1' ],
18 silly audit   'estree-walker': [ '3.0.3', '2.0.2' ],
18 silly audit   '@napi-rs/wasm-runtime': [ '1.1.2' ],
18 silly audit   '@nodelib/fs.scandir': [ '2.1.5' ],
18 silly audit   '@nodelib/fs.stat': [ '2.0.5' ],
18 silly audit   '@nodelib/fs.walk': [ '1.2.8' ],
18 silly audit   '@oslojs/encoding': [ '1.1.0' ],
18 silly audit   '@oxc-parser/binding-android-arm-eabi': [ '0.115.0' ],
18 silly audit   '@oxc-parser/binding-android-arm64': [ '0.115.0' ],
18 silly audit   '@oxc-parser/binding-darwin-arm64': [ '0.115.0' ],
18 silly audit   '@oxc-parser/binding-darwin-x64': [ '0.115.0' ],
18 silly audit   '@oxc-parser/binding-freebsd-x64': [ '0.115.0' ],
18 silly audit   '@oxc-parser/binding-linux-arm-gnueabihf': [ '0.115.0' ],
18 silly audit   '@oxc-parser/binding-linux-arm-musleabihf': [ '0.115.0' ],
18 silly audit   '@oxc-parser/binding-linux-arm64-gnu': [ '0.115.0' ],
18 silly audit   '@oxc-parser/binding-linux-arm64-musl': [ '0.115.0' ],
18 silly audit   '@oxc-parser/binding-linux-ppc64-gnu': [ '0.115.0' ],
18 silly audit   '@oxc-parser/binding-linux-riscv64-gnu': [ '0.115.0' ],
18 silly audit   '@oxc-parser/binding-linux-riscv64-musl': [ '0.115.0' ],
18 silly audit   '@oxc-parser/binding-linux-s390x-gnu': [ '0.115.0' ],
18 silly audit   '@oxc-parser/binding-linux-x64-gnu': [ '0.115.0' ],
18 silly audit   '@oxc-parser/binding-linux-x64-musl': [ '0.115.0' ],
18 silly audit   '@oxc-parser/binding-openharmony-arm64': [ '0.115.0' ],
18 silly audit   '@oxc-parser/binding-wasm32-wasi': [ '0.115.0' ],
18 silly audit   '@oxc-parser/binding-win32-arm64-msvc': [ '0.115.0' ],
18 silly audit   '@oxc-parser/binding-win32-ia32-msvc': [ '0.115.0' ],
18 silly audit   '@oxc-parser/binding-win32-x64-msvc': [ '0.115.0' ],
18 silly audit   '@oxc-project/types': [ '0.115.0' ],
18 silly audit   '@pagefind/darwin-arm64': [ '1.4.0' ],
18 silly audit   '@pagefind/darwin-x64': [ '1.4.0' ],
18 silly audit   '@pagefind/default-ui': [ '1.4.0' ],
18 silly audit   '@pagefind/freebsd-x64': [ '1.4.0' ],
18 silly audit   '@pagefind/linux-arm64': [ '1.4.0' ],
18 silly audit   '@pagefind/linux-x64': [ '1.4.0' ],
18 silly audit   '@pagefind/windows-x64': [ '1.4.0' ],
18 silly audit   '@pkgjs/parseargs': [ '0.11.0' ],
18 silly audit   '@pkgr/core': [ '0.2.9' ],
18 silly audit   '@polka/url': [ '1.0.0-next.29' ],
18 silly audit   '@quansync/fs': [ '1.0.0' ],
18 silly audit   '@rollup/pluginutils': [ '5.3.0' ],
18 silly audit   '@rollup/rollup-android-arm-eabi': [ '4.60.1' ],
18 silly audit   '@rollup/rollup-android-arm64': [ '4.60.1' ],
18 silly audit   '@rollup/rollup-darwin-arm64': [ '4.60.1' ],
18 silly audit   '@rollup/rollup-darwin-x64': [ '4.60.1' ],
18 silly audit   '@rollup/rollup-freebsd-arm64': [ '4.60.1' ],
18 silly audit   '@rollup/rollup-freebsd-x64': [ '4.60.1' ],
18 silly audit   '@rollup/rollup-linux-arm-gnueabihf': [ '4.60.1' ],
18 silly audit   '@rollup/rollup-linux-arm-musleabihf': [ '4.60.1' ],
18 silly audit   '@rollup/rollup-linux-arm64-gnu': [ '4.60.1' ],
18 silly audit   '@rollup/rollup-linux-arm64-musl': [ '4.60.1' ],
18 silly audit   '@rollup/rollup-linux-loong64-gnu': [ '4.60.1' ],
18 silly audit   '@rollup/rollup-linux-loong64-musl': [ '4.60.1' ],
18 silly audit   '@rollup/rollup-linux-ppc64-gnu': [ '4.60.1' ],
18 silly audit   '@rollup/rollup-linux-ppc64-musl': [ '4.60.1' ],
18 silly audit   '@rollup/rollup-linux-riscv64-gnu': [ '4.60.1' ],
18 silly audit   '@rollup/rollup-linux-riscv64-musl': [ '4.60.1' ],
18 silly audit   '@rollup/rollup-linux-s390x-gnu': [ '4.60.1' ],
18 silly audit   '@rollup/rollup-linux-x64-gnu': [ '4.60.1' ],
18 silly audit   '@rollup/rollup-linux-x64-musl': [ '4.60.1' ],
18 silly audit   '@rollup/rollup-openbsd-x64': [ '4.60.1' ],
18 silly audit   '@rollup/rollup-openharmony-arm64': [ '4.60.1' ],
18 silly audit   '@rollup/rollup-win32-arm64-msvc': [ '4.60.1' ],
18 silly audit   '@rollup/rollup-win32-ia32-msvc': [ '4.60.1' ],
18 silly audit   '@rollup/rollup-win32-x64-gnu': [ '4.60.1' ],
18 silly audit   '@rollup/rollup-win32-x64-msvc': [ '4.60.1' ],
18 silly audit   '@shikijs/core': [ '3.23.0' ],
18 silly audit   '@shikijs/engine-javascript': [ '3.23.0' ],
18 silly audit   '@shikijs/engine-oniguruma': [ '3.23.0' ],
18 silly audit   '@shikijs/langs': [ '3.23.0' ],
18 silly audit   '@shikijs/themes': [ '3.23.0' ],
18 silly audit   '@shikijs/types': [ '3.23.0' ],
18 silly audit   '@shikijs/vscode-textmate': [ '10.0.2' ],
18 silly audit   '@tybys/wasm-util': [ '0.10.1' ],
18 silly audit   '@types/debug': [ '4.1.13' ],
18 silly audit   '@types/estree': [ '1.0.8' ],
18 silly audit   '@types/estree-jsx': [ '1.0.5' ],
18 silly audit   '@types/hast': [ '3.0.4' ],
18 silly audit   '@types/json-schema': [ '7.0.15' ],
18 silly audit   '@types/katex': [ '0.16.8' ],
18 silly audit   '@types/mdast': [ '4.0.4' ],
18 silly audit   '@types/mdx': [ '2.0.13' ],
18 silly audit   '@types/ms': [ '2.1.0' ],
18 silly audit   '@types/nlcst': [ '2.0.3' ],
18 silly audit   '@types/node': [ '24.12.2' ],
18 silly audit   '@types/sax': [ '1.2.7' ],
18 silly audit   '@types/unist': [ '3.0.3', '2.0.11' ],
18 silly audit   '@types/web-bluetooth': [ '0.0.21' ],
18 silly audit   '@typescript-eslint/parser': [ '8.58.0' ],
18 silly audit   '@typescript-eslint/project-service': [ '8.58.0' ],
18 silly audit   '@typescript-eslint/scope-manager': [ '8.58.0' ],
18 silly audit   '@typescript-eslint/tsconfig-utils': [ '8.58.0' ],
18 silly audit   '@typescript-eslint/types': [ '8.58.0' ],
18 silly audit   '@typescript-eslint/typescript-estree': [ '8.58.0' ],
18 silly audit   '@typescript-eslint/visitor-keys': [ '8.58.0' ],
18 silly audit   '@ungap/structured-clone': [ '1.3.0' ],
18 silly audit   '@unocss/astro': [ '66.6.7' ],
18 silly audit   '@unocss/cli': [ '66.6.7' ],
18 silly audit   chokidar: [ '5.0.0', '4.0.3' ],
18 silly audit   readdirp: [ '5.0.0', '4.1.2' ],
18 silly audit   '@unocss/config': [ '66.6.7' ],
18 silly audit   '@unocss/core': [ '66.6.7' ],
18 silly audit   '@unocss/extractor-arbitrary-variants': [ '66.6.7' ],
18 silly audit   '@unocss/inspector': [ '66.6.7' ],
18 silly audit   '@unocss/preset-attributify': [ '66.6.7' ],
18 silly audit   '@unocss/preset-icons': [ '66.6.7' ],
18 silly audit   '@unocss/preset-mini': [ '66.6.7' ],
18 silly audit   '@unocss/preset-tagify': [ '66.6.7' ],
18 silly audit   '@unocss/preset-typography': [ '66.6.7' ],
18 silly audit   '@unocss/preset-uno': [ '66.6.7' ],
18 silly audit   '@unocss/preset-web-fonts': [ '66.6.7' ],
18 silly audit   '@unocss/preset-wind': [ '66.6.7' ],
18 silly audit   '@unocss/preset-wind3': [ '66.6.7' ],
18 silly audit   '@unocss/preset-wind4': [ '66.6.7' ],
18 silly audit   '@unocss/reset': [ '66.6.7' ],
18 silly audit   '@unocss/rule-utils': [ '66.6.7' ],
18 silly audit   '@unocss/transformer-attributify-jsx': [ '66.6.7' ],
18 silly audit   '@unocss/transformer-compile-class': [ '66.6.7' ],
18 silly audit   '@unocss/transformer-directives': [ '66.6.7' ],
18 silly audit   '@unocss/transformer-variant-group': [ '66.6.7' ],
18 silly audit   '@unocss/vite': [ '66.6.7' ],
18 silly audit   '@vercel/analytics': [ '1.6.1' ],
18 silly audit   '@vercel/functions': [ '2.2.13' ],
18 silly audit   '@vercel/nft': [ '0.30.4' ],
18 silly audit   '@vercel/oidc': [ '2.0.2' ],
18 silly audit   '@vercel/routing-utils': [ '5.3.3' ],
18 silly audit   '@volar/kit': [ '2.4.28' ],
18 silly audit   '@volar/language-core': [ '2.4.28' ],
18 silly audit   '@volar/language-server': [ '2.4.28' ],
18 silly audit   '@volar/language-service': [ '2.4.28' ],
18 silly audit   '@volar/source-map': [ '2.4.28' ],
18 silly audit   '@volar/typescript': [ '2.4.28' ],
18 silly audit   '@vscode/emmet-helper': [ '2.11.0' ],
18 silly audit   '@vscode/l10n': [ '0.0.18' ],
18 silly audit   '@vue/compiler-core': [ '3.5.32' ],
18 silly audit   '@vue/compiler-dom': [ '3.5.32' ],
18 silly audit   '@vue/compiler-sfc': [ '3.5.32' ],
18 silly audit   '@vue/compiler-ssr': [ '3.5.32' ],
18 silly audit   '@vue/reactivity': [ '3.5.32' ],
18 silly audit   '@vue/runtime-core': [ '3.5.32' ],
18 silly audit   '@vue/runtime-dom': [ '3.5.32' ],
18 silly audit   '@vue/server-renderer': [ '3.5.32' ],
18 silly audit   '@vue/shared': [ '3.5.32' ],
18 silly audit   '@vueuse/core': [ '14.2.1' ],
18 silly audit   '@vueuse/metadata': [ '14.2.1' ],
18 silly audit   '@vueuse/shared': [ '14.2.1' ],
18 silly audit   '@waline/api': [ '1.1.0' ],
18 silly audit   '@waline/client': [ '3.13.0' ],
18 silly audit   abbrev: [ '3.0.1' ],
18 silly audit   acorn: [ '8.16.0' ],
18 silly audit   'acorn-import-attributes': [ '1.9.5' ],
18 silly audit   'acorn-jsx': [ '5.3.2' ],
18 silly audit   'agent-base': [ '7.1.4' ],
18 silly audit   ajv: [ '6.14.0', '8.18.0' ],
18 silly audit   'ansi-align': [ '3.0.1' ],
18 silly audit   'ansi-regex': [ '5.0.1', '6.2.2' ],
18 silly audit   'strip-ansi': [ '6.0.1', '7.2.0' ],
18 silly audit   'ansi-styles': [ '6.2.3', '4.3.0' ],
18 silly audit   anymatch: [ '3.1.3' ],
18 silly audit   picomatch: [ '2.3.2', '4.0.4' ],
18 silly audit   arg: [ '5.0.2' ],
18 silly audit   argparse: [ '2.0.1' ],
18 silly audit   'aria-query': [ '5.3.2' ],
18 silly audit   'array-iterate': [ '2.0.1' ],
18 silly audit   astring: [ '1.9.0' ],
18 silly audit   astro: [ '5.18.1' ],
18 silly audit   'astro-eslint-parser': [ '1.4.0' ],
18 silly audit   esbuild: [ '0.27.7', '0.25.12' ],
18 silly audit   zod: [ '3.25.76', '4.3.6' ],
18 silly audit   'zod-to-ts': [ '1.2.0' ],
18 silly audit   'astrojs-compiler-sync': [ '1.1.1' ],
18 silly audit   'async-sema': [ '3.1.1' ],
18 silly audit   autosize: [ '6.0.1' ],
18 silly audit   'axobject-query': [ '4.1.0' ],
18 silly audit   bail: [ '2.0.2' ],
18 silly audit   'base-64': [ '1.0.0' ],
18 silly audit   'bcp-47-match': [ '2.0.3' ],
18 silly audit   bindings: [ '1.5.0' ],
18 silly audit   boolbase: [ '1.0.0' ],
18 silly audit   boxen: [ '8.0.1' ],
18 silly audit   braces: [ '3.0.3' ],
18 silly audit   cac: [ '6.7.14' ],
18 silly audit   callsites: [ '3.1.0' ],
18 silly audit   camelcase: [ '8.0.0' ],
18 silly audit   ccount: [ '2.0.1' ],
18 silly audit   chalk: [ '5.6.2', '4.1.2' ],
18 silly audit   'character-entities': [ '2.0.2' ],
18 silly audit   'character-entities-html4': [ '2.1.0' ],
18 silly audit   'character-entities-legacy': [ '3.0.0' ],
18 silly audit   'character-reference-invalid': [ '2.0.1' ],
18 silly audit   chownr: [ '3.0.0' ],
18 silly audit   'ci-info': [ '4.4.0' ],
18 silly audit   'cli-boxes': [ '3.0.0' ],
18 silly audit   cliui: [ '8.0.1' ],
18 silly audit   clsx: [ '2.1.1' ],
18 silly audit   'collapse-white-space': [ '2.1.0' ],
18 silly audit   'color-convert': [ '2.0.1' ],
18 silly audit   'color-name': [ '1.1.4' ],
18 silly audit   colorette: [ '2.0.20' ],
18 silly audit   'comma-separated-tokens': [ '2.0.3' ],
18 silly audit   commander: [ '8.3.0', '11.1.0' ],
18 silly audit   'common-ancestor-path': [ '1.0.1' ],
18 silly audit   'concat-map': [ '0.0.1' ],
18 silly audit   confbox: [ '0.1.8' ],
18 silly audit   consola: [ '3.4.2' ],
18 silly audit   cookie: [ '1.1.1' ],
18 silly audit   'cookie-es': [ '1.2.3' ],
18 silly audit   'cross-spawn': [ '7.0.6' ],
18 silly audit   crossws: [ '0.3.5' ],
18 silly audit   'css-select': [ '5.2.2' ],
18 silly audit   'css-selector-parser': [ '3.3.0' ],
18 silly audit   'css-tree': [ '3.2.1', '2.2.1' ],
18 silly audit   'css-what': [ '6.2.2' ],
18 silly audit   cssesc: [ '3.0.0' ],
18 silly audit   csso: [ '5.0.5' ],
18 silly audit   'mdn-data': [ '2.0.28', '2.27.1' ],
18 silly audit   csstype: [ '3.2.3' ],
18 silly audit   debug: [ '4.4.3' ],
18 silly audit   'decode-named-character-reference': [ '1.3.0' ],
18 silly audit   'deep-is': [ '0.1.4' ],
18 silly audit   defu: [ '6.1.6' ],
18 silly audit   dequal: [ '2.0.3' ],
18 silly audit   destr: [ '2.0.5' ],
18 silly audit   'detect-libc': [ '2.1.2' ],
18 silly audit   'deterministic-object-hash': [ '2.0.2' ],
18 silly audit   devalue: [ '5.6.4' ],
18 silly audit   devlop: [ '1.1.0' ],
18 silly audit   diff: [ '8.0.4' ],
18 silly audit   direction: [ '2.0.1' ],
18 silly audit   dlv: [ '1.1.3' ],
18 silly audit   'dom-serializer': [ '2.0.0' ],
18 silly audit   entities: [ '4.5.0', '7.0.1', '6.0.1' ],
18 silly audit   domelementtype: [ '2.3.0' ],
18 silly audit   domhandler: [ '5.0.3' ],
18 silly audit   domutils: [ '3.2.2' ],
18 silly audit   dset: [ '3.1.4' ],
18 silly audit   duplexer: [ '0.1.2' ],
18 silly audit   eastasianwidth: [ '0.2.0' ],
18 silly audit   emmet: [ '2.4.11' ],
18 silly audit   'es-module-lexer': [ '1.7.0' ],
18 silly audit   'esast-util-from-estree': [ '2.0.0' ],
18 silly audit   'esast-util-from-js': [ '2.0.1' ],
18 silly audit   escalade: [ '3.2.0' ],
18 silly audit   'escape-string-regexp': [ '4.0.0', '5.0.0' ],
18 silly audit   eslint: [ '9.39.4' ],
18 silly audit   'eslint-compat-utils': [ '0.6.5' ],
18 silly audit   'eslint-plugin-astro': [ '1.6.0' ],
18 silly audit   globals: [ '16.5.0', '14.0.0' ],
18 silly audit   'eslint-scope': [ '8.4.0' ],
18 silly audit   espree: [ '10.4.0' ],
18 silly audit   esquery: [ '1.7.0' ],
18 silly audit   esrecurse: [ '4.3.0' ],
18 silly audit   estraverse: [ '5.3.0' ],
18 silly audit   'estree-util-attach-comments': [ '3.0.0' ],
18 silly audit   'estree-util-build-jsx': [ '3.0.1' ],
18 silly audit   'estree-util-is-identifier-name': [ '3.0.0' ],
18 silly audit   'estree-util-scope': [ '1.0.0' ],
18 silly audit   'estree-util-to-js': [ '2.0.0' ],
18 silly audit   'estree-util-visit': [ '2.0.0' ],
18 silly audit   esutils: [ '2.0.3' ],
18 silly audit   eventemitter3: [ '5.0.4' ],
18 silly audit   extend: [ '3.0.2' ],
18 silly audit   'fast-deep-equal': [ '3.1.3' ],
18 silly audit   'fast-glob': [ '3.3.3' ],
18 silly audit   'glob-parent': [ '5.1.2', '6.0.2' ],
18 silly audit   'fast-json-stable-stringify': [ '2.1.0' ],
18 silly audit   'fast-levenshtein': [ '2.0.6' ],
18 silly audit   'fast-uri': [ '3.1.0' ],
18 silly audit   'fast-xml-builder': [ '1.1.4' ],
18 silly audit   'fast-xml-parser': [ '5.5.10' ],
18 silly audit   fastq: [ '1.20.1' ],
18 silly audit   fdir: [ '6.5.0' ],
18 silly audit   'file-entry-cache': [ '8.0.0' ],
18 silly audit   'file-uri-to-path': [ '1.0.0' ],
18 silly audit   'fill-range': [ '7.1.1' ],
18 silly audit   'find-up': [ '5.0.0' ],
18 silly audit   'flat-cache': [ '4.0.1' ],
18 silly audit   flatted: [ '3.4.2' ],
18 silly audit   flattie: [ '1.1.1' ],
18 silly audit   fontace: [ '0.4.1' ],
18 silly audit   fontkitten: [ '1.0.3' ],
18 silly audit   'foreground-child': [ '3.3.1' ],
18 silly audit   fsevents: [ '2.3.3' ],
18 silly audit   'get-caller-file': [ '2.0.5' ],
18 silly audit   'get-east-asian-width': [ '1.5.0' ],
18 silly audit   'github-slugger': [ '2.0.0' ],
18 silly audit   glob: [ '10.5.0' ],
18 silly audit   'graceful-fs': [ '4.2.11' ],
18 silly audit   'gzip-size': [ '6.0.0' ],
18 silly audit   h3: [ '1.15.11' ],
18 silly audit   'has-flag': [ '4.0.0' ],
18 silly audit   'hast-util-from-dom': [ '5.0.1' ],
18 silly audit   'hast-util-from-html': [ '2.0.3' ],
18 silly audit   'hast-util-from-html-isomorphic': [ '2.0.0' ],
18 silly audit   'hast-util-from-parse5': [ '8.0.3' ],
18 silly audit   'hast-util-has-property': [ '3.0.0' ],
18 silly audit   'hast-util-is-element': [ '3.0.0' ],
18 silly audit   'hast-util-parse-selector': [ '4.0.0' ],
18 silly audit   'hast-util-raw': [ '9.1.0' ],
18 silly audit   'hast-util-select': [ '6.0.4' ],
18 silly audit   'hast-util-to-estree': [ '3.1.3' ],
18 silly audit   'hast-util-to-html': [ '9.0.5' ],
18 silly audit   'hast-util-to-jsx-runtime': [ '2.3.6' ],
18 silly audit   'hast-util-to-parse5': [ '8.0.1' ],
18 silly audit   'hast-util-to-string': [ '3.0.1' ],
18 silly audit   'hast-util-to-text': [ '4.0.2' ],
18 silly audit   'hast-util-whitespace': [ '3.0.0' ],
18 silly audit   hastscript: [ '9.0.1' ],
18 silly audit   he: [ '1.2.0' ],
18 silly audit   'html-escaper': [ '3.0.3' ],
18 silly audit   'html-void-elements': [ '3.0.0' ],
18 silly audit   'http-cache-semantics': [ '4.2.0' ],
18 silly audit   'https-proxy-agent': [ '7.0.6' ],
18 silly audit   ignore: [ '5.3.2' ],
18 silly audit   'import-fresh': [ '3.3.1' ],
18 silly audit   'resolve-from': [ '4.0.0', '5.0.0' ],
18 silly audit   'import-meta-resolve': [ '4.2.0' ],
18 silly audit   imurmurhash: [ '0.1.4' ],
18 silly audit   'inline-style-parser': [ '0.2.7' ],
18 silly audit   'iron-webcrypto': [ '1.2.1' ],
18 silly audit   'is-alphabetical': [ '2.0.1' ],
18 silly audit   'is-alphanumerical': [ '2.0.1' ],
18 silly audit   'is-decimal': [ '2.0.1' ],
18 silly audit   'is-docker': [ '3.0.0' ],
18 silly audit   'is-extglob': [ '2.1.1' ],
18 silly audit   'is-fullwidth-code-point': [ '3.0.0' ],
18 silly audit   'is-glob': [ '4.0.3' ],
18 silly audit   'is-hexadecimal': [ '2.0.1' ],
18 silly audit   'is-inside-container': [ '1.0.0' ],
18 silly audit   'is-number': [ '7.0.0' ],
18 silly audit   'is-plain-obj': [ '4.1.0' ],
18 silly audit   'is-wsl': [ '3.1.1' ],
18 silly audit   isexe: [ '2.0.0' ],
18 silly audit   jackspeak: [ '3.4.3' ],
18 silly audit   jiti: [ '2.6.1' ],
18 silly audit   'js-tokens': [ '4.0.0' ],
18 silly audit   'js-yaml': [ '4.1.1' ],
18 silly audit   jsesc: [ '3.1.0' ],
18 silly audit   'json-buffer': [ '3.0.1' ],
18 silly audit   'json-schema-traverse': [ '0.4.1', '1.0.0' ],
18 silly audit   'json-stable-stringify-without-jsonify': [ '1.0.1' ],
18 silly audit   'jsonc-parser': [ '2.3.1', '3.3.1' ],
18 silly audit   katex: [ '0.16.44' ],
18 silly audit   keyv: [ '4.5.4' ],
18 silly audit   kleur: [ '4.1.5', '3.0.3' ],
18 silly audit   levn: [ '0.4.1' ],
18 silly audit   'locate-path': [ '6.0.0' ],
18 silly audit   'lodash.merge': [ '4.6.2' ],
18 silly audit   'longest-streak': [ '3.1.0' ],
18 silly audit   'lru-cache': [ '10.4.3', '11.2.7' ],
18 silly audit   'magic-regexp': [ '0.10.0' ],
18 silly audit   'magic-string': [ '0.30.21' ],
18 silly audit   magicast: [ '0.5.2' ],
18 silly audit   'markdown-extensions': [ '2.0.0' ],
18 silly audit   'markdown-table': [ '3.0.4' ],
18 silly audit   marked: [ '17.0.5' ],
18 silly audit   'marked-highlight': [ '2.2.3' ],
18 silly audit   'mdast-util-definitions': [ '6.0.0' ],
18 silly audit   'mdast-util-find-and-replace': [ '3.0.2' ],
18 silly audit   'mdast-util-from-markdown': [ '2.0.3' ],
18 silly audit   'mdast-util-gfm': [ '3.1.0' ],
18 silly audit   'mdast-util-gfm-autolink-literal': [ '2.0.1' ],
18 silly audit   'mdast-util-gfm-footnote': [ '2.1.0' ],
18 silly audit   'mdast-util-gfm-strikethrough': [ '2.0.0' ],
18 silly audit   'mdast-util-gfm-table': [ '2.0.0' ],
18 silly audit   'mdast-util-gfm-task-list-item': [ '2.0.0' ],
18 silly audit   'mdast-util-math': [ '3.0.0' ],
18 silly audit   'mdast-util-mdx': [ '3.0.0' ],
18 silly audit   'mdast-util-mdx-expression': [ '2.0.1' ],
18 silly audit   'mdast-util-mdx-jsx': [ '3.2.0' ],
18 silly audit   'mdast-util-mdxjs-esm': [ '2.0.1' ],
18 silly audit   'mdast-util-phrasing': [ '4.1.0' ],
18 silly audit   'mdast-util-to-hast': [ '13.2.1' ],
18 silly audit   'mdast-util-to-markdown': [ '2.1.2' ],
18 silly audit   'mdast-util-to-string': [ '4.0.0' ],
18 silly audit   merge2: [ '1.4.1' ],
18 silly audit   micromark: [ '4.0.2' ],
18 silly audit   'micromark-core-commonmark': [ '2.0.3' ],
18 silly audit   'micromark-extension-gfm': [ '3.0.0' ],
18 silly audit   'micromark-extension-gfm-autolink-literal': [ '2.1.0' ],
18 silly audit   'micromark-extension-gfm-footnote': [ '2.1.0' ],
18 silly audit   'micromark-extension-gfm-strikethrough': [ '2.1.0' ],
18 silly audit   'micromark-extension-gfm-table': [ '2.1.1' ],
18 silly audit   'micromark-extension-gfm-tagfilter': [ '2.0.0' ],
18 silly audit   'micromark-extension-gfm-task-list-item': [ '2.1.0' ],
18 silly audit   'micromark-extension-math': [ '3.1.0' ],
18 silly audit   'micromark-extension-mdx-expression': [ '3.0.1' ],
18 silly audit   'micromark-extension-mdx-jsx': [ '3.0.2' ],
18 silly audit   'micromark-extension-mdx-md': [ '2.0.0' ],
18 silly audit   'micromark-extension-mdxjs': [ '3.0.0' ],
18 silly audit   'micromark-extension-mdxjs-esm': [ '3.0.0' ],
18 silly audit   'micromark-factory-destination': [ '2.0.1' ],
18 silly audit   'micromark-factory-label': [ '2.0.1' ],
18 silly audit   'micromark-factory-mdx-expression': [ '2.0.3' ],
18 silly audit   'micromark-factory-space': [ '2.0.1' ],
18 silly audit   'micromark-factory-title': [ '2.0.1' ],
18 silly audit   'micromark-factory-whitespace': [ '2.0.1' ],
18 silly audit   'micromark-util-character': [ '2.1.1' ],
18 silly audit   'micromark-util-chunked': [ '2.0.1' ],
18 silly audit   'micromark-util-classify-character': [ '2.0.1' ],
18 silly audit   'micromark-util-combine-extensions': [ '2.0.1' ],
18 silly audit   'micromark-util-decode-numeric-character-reference': [ '2.0.2' ],
18 silly audit   'micromark-util-decode-string': [ '2.0.1' ],
18 silly audit   'micromark-util-encode': [ '2.0.1' ],
18 silly audit   'micromark-util-events-to-acorn': [ '2.0.3' ],
18 silly audit   'micromark-util-html-tag-name': [ '2.0.1' ],
18 silly audit   'micromark-util-normalize-identifier': [ '2.0.1' ],
18 silly audit   'micromark-util-resolve-all': [ '2.0.1' ],
18 silly audit   'micromark-util-sanitize-uri': [ '2.0.1' ],
18 silly audit   'micromark-util-subtokenize': [ '2.1.0' ],
18 silly audit   'micromark-util-symbol': [ '2.0.1' ],
18 silly audit   'micromark-util-types': [ '2.0.2' ],
18 silly audit   micromatch: [ '4.0.8' ],
18 silly audit   minipass: [ '7.1.3' ],
18 silly audit   minizlib: [ '3.1.0' ],
18 silly audit   mlly: [ '1.8.2' ],
18 silly audit   mrmime: [ '2.0.1' ],
18 silly audit   ms: [ '2.1.3' ],
18 silly audit   'muggle-string': [ '0.4.1' ],
18 silly audit   nanoid: [ '3.3.11' ],
18 silly audit   'natural-compare': [ '1.4.0' ],
18 silly audit   neotraverse: [ '0.6.18' ],
18 silly audit   'nlcst-to-string': [ '4.0.0' ],
18 silly audit   'node-fetch': [ '2.7.0' ],
18 silly audit   'node-fetch-native': [ '1.6.7' ],
18 silly audit   'node-gyp-build': [ '4.8.4' ],
18 silly audit   'node-html-parser': [ '7.1.0' ],
18 silly audit   'node-mock-http': [ '1.0.4' ],
18 silly audit   nopt: [ '8.1.0' ],
18 silly audit   'normalize-path': [ '3.0.0' ],
18 silly audit   'nth-check': [ '2.1.1' ],
18 silly audit   ofetch: [ '1.5.1' ],
18 silly audit   ohash: [ '2.0.11' ],
18 silly audit   'oniguruma-parser': [ '0.12.1' ],
18 silly audit   'oniguruma-to-es': [ '4.3.5' ],
18 silly audit   optionator: [ '0.9.4' ],
18 silly audit   'oxc-parser': [ '0.115.0' ],
18 silly audit   'oxc-walker': [ '0.7.0' ],
18 silly audit   'p-limit': [ '6.2.0', '3.1.0' ],
18 silly audit   'p-locate': [ '5.0.0' ],
18 silly audit   'yocto-queue': [ '0.1.0', '1.2.2' ],
18 silly audit   'p-queue': [ '8.1.1' ],
18 silly audit   'p-timeout': [ '6.1.4' ],
18 silly audit   'package-json-from-dist': [ '1.0.1' ],
18 silly audit   'package-manager-detector': [ '1.6.0' ],
18 silly audit   pagefind: [ '1.4.0' ],
18 silly audit   'parent-module': [ '1.0.1' ],
18 silly audit   'parse-entities': [ '4.0.2' ],
18 silly audit   'parse-latin': [ '7.0.0' ],
18 silly audit   parse5: [ '7.3.0' ],
18 silly audit   'path-browserify': [ '1.0.1' ],
18 silly audit   'path-exists': [ '4.0.0' ],
18 silly audit   'path-expression-matcher': [ '1.2.1' ],
18 silly audit   'path-key': [ '3.1.1' ],
18 silly audit   'path-scurry': [ '1.11.1' ],
18 silly audit   'path-to-regexp': [ '6.1.0', '6.3.0' ],
18 silly audit   pathe: [ '2.0.3' ],
18 silly audit   'perfect-debounce': [ '2.1.0' ],
18 silly audit   piccolore: [ '0.1.3' ],
18 silly audit   picocolors: [ '1.1.1' ],
18 silly audit   'pkg-types': [ '1.3.1' ],
18 silly audit   postcss: [ '8.5.8' ],
18 silly audit   'postcss-selector-parser': [ '7.1.1' ],
18 silly audit   'prelude-ls': [ '1.2.1' ],
18 silly audit   prettier: [ '3.8.1' ],
18 silly audit   'prettier-plugin-astro': [ '0.14.1' ],
18 silly audit   prismjs: [ '1.30.0' ],
18 silly audit   prompts: [ '2.4.2' ],
18 silly audit   'property-information': [ '7.1.0' ],
18 silly audit   punycode: [ '2.3.1' ],
18 silly audit   quansync: [ '1.0.0' ],
18 silly audit   'queue-microtask': [ '1.2.3' ],
18 silly audit   radix3: [ '1.1.2' ],
18 silly audit   'recaptcha-v3': [ '1.11.3' ],
18 silly audit   'recma-build-jsx': [ '1.0.0' ],
18 silly audit   'recma-jsx': [ '1.0.1' ],
18 silly audit   'recma-parse': [ '1.0.0' ],
18 silly audit   'recma-stringify': [ '1.0.0' ],
18 silly audit   regex: [ '6.1.0' ],
18 silly audit   'regex-recursion': [ '6.0.2' ],
18 silly audit   'regex-utilities': [ '2.3.0' ],
18 silly audit   'regexp-tree': [ '0.1.27' ],
18 silly audit   rehype: [ '13.0.2' ],
18 silly audit   'rehype-katex': [ '7.0.1' ],
18 silly audit   'rehype-parse': [ '9.0.1' ],
18 silly audit   'rehype-raw': [ '7.0.0' ],
18 silly audit   'rehype-recma': [ '1.0.0' ],
18 silly audit   'rehype-stringify': [ '10.0.1' ],
18 silly audit   'remark-gfm': [ '4.0.1' ],
18 silly audit   'remark-math': [ '6.0.0' ],
18 silly audit   'remark-mdx': [ '3.1.1' ],
18 silly audit   'remark-parse': [ '11.0.0' ],
18 silly audit   'remark-rehype': [ '11.1.2' ],
18 silly audit   'remark-smartypants': [ '3.0.2' ],
18 silly audit   'remark-stringify': [ '11.0.0' ],
18 silly audit   'request-light': [ '0.7.0', '0.5.8' ],
18 silly audit   'require-directory': [ '2.1.1' ],
18 silly audit   'require-from-string': [ '2.0.2' ],
18 silly audit   retext: [ '9.0.0' ],
18 silly audit   'retext-latin': [ '4.0.0' ],
18 silly audit   'retext-smartypants': [ '6.2.0' ],
18 silly audit   'retext-stringify': [ '4.0.0' ],
18 silly audit   reusify: [ '1.1.0' ],
18 silly audit   rollup: [ '4.60.1' ],
18 silly audit   'run-parallel': [ '1.2.0' ],
18 silly audit   's.color': [ '0.0.15' ],
18 silly audit   'sass-formatter': [ '0.7.9' ],
18 silly audit   sax: [ '1.6.0' ],
18 silly audit   semver: [ '7.7.4' ],
18 silly audit   sharp: [ '0.34.5' ],
18 silly audit   'shebang-command': [ '2.0.0' ],
18 silly audit   'shebang-regex': [ '3.0.0' ],
18 silly audit   shiki: [ '3.23.0' ],
18 silly audit   'signal-exit': [ '4.1.0' ],
18 silly audit   sirv: [ '3.0.2' ],
18 silly audit   sisteransi: [ '1.0.5' ],
18 silly audit   sitemap: [ '9.0.1' ],
18 silly audit   'smol-toml': [ '1.6.1' ],
18 silly audit   'source-map': [ '0.7.6' ],
18 silly audit   'source-map-js': [ '1.2.1' ],
18 silly audit   'space-separated-tokens': [ '2.0.2' ],
18 silly audit   'stream-replace-string': [ '2.0.0' ],
18 silly audit   'stringify-entities': [ '4.0.4' ],
18 silly audit   'strip-json-comments': [ '3.1.1' ],
18 silly audit   strnum: [ '2.2.2' ],
18 silly audit   'style-to-js': [ '1.1.21' ],
18 silly audit   'style-to-object': [ '1.0.14' ],
18 silly audit   'suf-log': [ '2.5.3' ],
18 silly audit   'supports-color': [ '7.2.0' ],
18 silly audit   svgo: [ '4.0.1' ],
18 silly audit   synckit: [ '0.11.12' ],
18 silly audit   tar: [ '7.5.13' ],
18 silly audit   'tiny-inflate': [ '1.0.3' ],
18 silly audit   tinyexec: [ '1.0.4' ],
18 silly audit   tinyglobby: [ '0.2.15' ],
18 silly audit   'to-regex-range': [ '5.0.1' ],
18 silly audit   totalist: [ '3.0.1' ],
18 silly audit   tr46: [ '0.0.3' ],
18 silly audit   'trim-lines': [ '3.0.1' ],
18 silly audit   trough: [ '2.2.0' ],
18 silly audit   'ts-api-utils': [ '2.5.0' ],
18 silly audit   tsconfck: [ '3.1.6' ],
18 silly audit   tslib: [ '2.8.1' ],
18 silly audit   'type-check': [ '0.4.0' ],
18 silly audit   'type-fest': [ '4.41.0' ],
18 silly audit   'type-level-regexp': [ '0.1.17' ],
18 silly audit   'typesafe-path': [ '0.2.2' ],
18 silly audit   typescript: [ '5.9.3' ],
18 silly audit   'typescript-auto-import-cache': [ '0.3.6' ],
18 silly audit   ufo: [ '1.6.3' ],
18 silly audit   ultrahtml: [ '1.6.0' ],
18 silly audit   unconfig: [ '7.5.0' ],
18 silly audit   'unconfig-core': [ '7.5.0' ],
18 silly audit   uncrypto: [ '0.1.3' ],
18 silly audit   'undici-types': [ '7.16.0' ],
18 silly audit   unified: [ '11.0.5' ],
18 silly audit   unifont: [ '0.7.4' ],
18 silly audit   'unist-util-find-after': [ '5.0.0' ],
18 silly audit   'unist-util-is': [ '6.0.1' ],
18 silly audit   'unist-util-modify-children': [ '4.0.0' ],
18 silly audit   'unist-util-position': [ '5.0.0' ],
18 silly audit   'unist-util-position-from-estree': [ '2.0.0' ],
18 silly audit   'unist-util-remove-position': [ '5.0.0' ],
18 silly audit   'unist-util-stringify-position': [ '4.0.0' ],
18 silly audit   'unist-util-visit': [ '5.1.0' ],
18 silly audit   'unist-util-visit-children': [ '3.0.0' ],
18 silly audit   'unist-util-visit-parents': [ '6.0.2' ],
18 silly audit   unocss: [ '66.6.7' ],
18 silly audit   unplugin: [ '2.3.11' ],
18 silly audit   'unplugin-utils': [ '0.3.1' ],
18 silly audit   unstorage: [ '1.17.5' ],
18 silly audit   'uri-js': [ '4.4.1' ],
18 silly audit   'util-deprecate': [ '1.0.2' ],
18 silly audit   vfile: [ '6.0.3' ],
18 silly audit   'vfile-location': [ '5.0.3' ],
18 silly audit   'vfile-message': [ '4.0.3' ],
18 silly audit   vite: [ '6.4.1' ],
18 silly audit   vitefu: [ '1.1.3' ],
18 silly audit   'volar-service-css': [ '0.0.70' ],
18 silly audit   'volar-service-emmet': [ '0.0.70' ],
18 silly audit   'volar-service-html': [ '0.0.70' ],
18 silly audit   'volar-service-prettier': [ '0.0.70' ],
18 silly audit   'volar-service-typescript': [ '0.0.70' ],
18 silly audit   'volar-service-typescript-twoslash-queries': [ '0.0.70' ],
18 silly audit   'volar-service-yaml': [ '0.0.70' ],
18 silly audit   'vscode-css-languageservice': [ '6.3.10' ],
18 silly audit   'vscode-html-languageservice': [ '5.6.2' ],
18 silly audit   'vscode-json-languageservice': [ '4.1.8' ],
18 silly audit   'vscode-jsonrpc': [ '8.2.0' ],
18 silly audit   'vscode-languageserver': [ '9.0.1' ],
18 silly audit   'vscode-languageserver-protocol': [ '3.17.5' ],
18 silly audit   'vscode-languageserver-textdocument': [ '1.0.12' ],
18 silly audit   'vscode-languageserver-types': [ '3.17.5' ],
18 silly audit   'vscode-nls': [ '5.2.0' ],
18 silly audit   'vscode-uri': [ '3.1.0' ],
18 silly audit   vue: [ '3.5.32' ],
18 silly audit   'web-namespaces': [ '2.0.1' ],
18 silly audit   'webidl-conversions': [ '3.0.1' ],
18 silly audit   'webpack-virtual-modules': [ '0.6.2' ],
18 silly audit   'whatwg-url': [ '5.0.0' ],
18 silly audit   which: [ '2.0.2' ],
18 silly audit   'which-pm-runs': [ '1.1.0' ],
18 silly audit   'widest-line': [ '5.0.0' ],
18 silly audit   'word-wrap': [ '1.2.5' ],
18 silly audit   'xxhash-wasm': [ '1.1.0' ],
18 silly audit   y18n: [ '5.0.8' ],
18 silly audit   yallist: [ '5.0.0' ],
18 silly audit   yaml: [ '2.8.3', '2.7.1' ],
18 silly audit   'yaml-language-server': [ '1.20.0' ],
18 silly audit   'ajv-draft-04': [ '1.0.0' ],
18 silly audit   yargs: [ '17.7.2' ],
18 silly audit   'yargs-parser': [ '21.1.1' ],
18 silly audit   'yocto-spinner': [ '0.2.3' ],
18 silly audit   yoctocolors: [ '2.1.2' ],
18 silly audit   'zod-to-json-schema': [ '3.25.2' ],
18 silly audit   zwitch: [ '2.0.4' ],
18 silly audit   'astro-pure': [ '1.4.1' ]
18 silly audit }
19 verbose reify failed optional dependency D:\BLOG\astro-theme-pure\node_modules\fsevents
20 silly reify mark deleted [ 'D:\\BLOG\\astro-theme-pure\\node_modules\\fsevents' ]
21 verbose reify failed optional dependency D:\BLOG\astro-theme-pure\node_modules\@rollup\rollup-win32-ia32-msvc
22 silly reify mark deleted [
22 silly reify   'D:\\BLOG\\astro-theme-pure\\node_modules\\@rollup\\rollup-win32-ia32-msvc'
22 silly reify ]
23 verbose reify failed optional dependency D:\BLOG\astro-theme-pure\node_modules\@rollup\rollup-win32-arm64-msvc
24 silly reify mark deleted [
24 silly reify   'D:\\BLOG\\astro-theme-pure\\node_modules\\@rollup\\rollup-win32-arm64-msvc'
24 silly reify ]
25 verbose reify failed optional dependency D:\BLOG\astro-theme-pure\node_modules\@rollup\rollup-openharmony-arm64
26 silly reify mark deleted [
26 silly reify   'D:\\BLOG\\astro-theme-pure\\node_modules\\@rollup\\rollup-openharmony-arm64'
26 silly reify ]
27 verbose reify failed optional dependency D:\BLOG\astro-theme-pure\node_modules\@rollup\rollup-openbsd-x64
28 silly reify mark deleted [
28 silly reify   'D:\\BLOG\\astro-theme-pure\\node_modules\\@rollup\\rollup-openbsd-x64'
28 silly reify ]
29 verbose reify failed optional dependency D:\BLOG\astro-theme-pure\node_modules\@rollup\rollup-linux-x64-musl
30 silly reify mark deleted [
30 silly reify   'D:\\BLOG\\astro-theme-pure\\node_modules\\@rollup\\rollup-linux-x64-musl'
30 silly reify ]
31 verbose reify failed optional dependency D:\BLOG\astro-theme-pure\node_modules\@rollup\rollup-linux-x64-gnu
32 silly reify mark deleted [
32 silly reify   'D:\\BLOG\\astro-theme-pure\\node_modules\\@rollup\\rollup-linux-x64-gnu'
32 silly reify ]
33 verbose reify failed optional dependency D:\BLOG\astro-theme-pure\node_modules\@rollup\rollup-linux-s390x-gnu
34 silly reify mark deleted [
34 silly reify   'D:\\BLOG\\astro-theme-pure\\node_modules\\@rollup\\rollup-linux-s390x-gnu'
34 silly reify ]
35 verbose reify failed optional dependency D:\BLOG\astro-theme-pure\node_modules\@rollup\rollup-linux-riscv64-musl
36 silly reify mark deleted [
36 silly reify   'D:\\BLOG\\astro-theme-pure\\node_modules\\@rollup\\rollup-linux-riscv64-musl'
36 silly reify ]
37 verbose reify failed optional dependency D:\BLOG\astro-theme-pure\node_modules\@rollup\rollup-linux-riscv64-gnu
38 silly reify mark deleted [
38 silly reify   'D:\\BLOG\\astro-theme-pure\\node_modules\\@rollup\\rollup-linux-riscv64-gnu'
38 silly reify ]
39 verbose reify failed optional dependency D:\BLOG\astro-theme-pure\node_modules\@rollup\rollup-linux-ppc64-musl
40 silly reify mark deleted [
40 silly reify   'D:\\BLOG\\astro-theme-pure\\node_modules\\@rollup\\rollup-linux-ppc64-musl'
40 silly reify ]
41 verbose reify failed optional dependency D:\BLOG\astro-theme-pure\node_modules\@rollup\rollup-linux-ppc64-gnu
42 silly reify mark deleted [
42 silly reify   'D:\\BLOG\\astro-theme-pure\\node_modules\\@rollup\\rollup-linux-ppc64-gnu'
42 silly reify ]
43 verbose reify failed optional dependency D:\BLOG\astro-theme-pure\node_modules\@rollup\rollup-linux-loong64-musl
44 silly reify mark deleted [
44 silly reify   'D:\\BLOG\\astro-theme-pure\\node_modules\\@rollup\\rollup-linux-loong64-musl'
44 silly reify ]
45 verbose reify failed optional dependency D:\BLOG\astro-theme-pure\node_modules\@rollup\rollup-linux-loong64-gnu
46 silly reify mark deleted [
46 silly reify   'D:\\BLOG\\astro-theme-pure\\node_modules\\@rollup\\rollup-linux-loong64-gnu'
46 silly reify ]
47 verbose reify failed optional dependency D:\BLOG\astro-theme-pure\node_modules\@rollup\rollup-linux-arm64-musl
48 silly reify mark deleted [
48 silly reify   'D:\\BLOG\\astro-theme-pure\\node_modules\\@rollup\\rollup-linux-arm64-musl'
48 silly reify ]
49 verbose reify failed optional dependency D:\BLOG\astro-theme-pure\node_modules\@rollup\rollup-linux-arm64-gnu
50 silly reify mark deleted [
50 silly reify   'D:\\BLOG\\astro-theme-pure\\node_modules\\@rollup\\rollup-linux-arm64-gnu'
50 silly reify ]
51 verbose reify failed optional dependency D:\BLOG\astro-theme-pure\node_modules\@rollup\rollup-linux-arm-musleabihf
52 silly reify mark deleted [
52 silly reify   'D:\\BLOG\\astro-theme-pure\\node_modules\\@rollup\\rollup-linux-arm-musleabihf'
52 silly reify ]
53 verbose reify failed optional dependency D:\BLOG\astro-theme-pure\node_modules\@rollup\rollup-linux-arm-gnueabihf
54 silly reify mark deleted [
54 silly reify   'D:\\BLOG\\astro-theme-pure\\node_modules\\@rollup\\rollup-linux-arm-gnueabihf'
54 silly reify ]
55 verbose reify failed optional dependency D:\BLOG\astro-theme-pure\node_modules\@rollup\rollup-freebsd-x64
56 silly reify mark deleted [
56 silly reify   'D:\\BLOG\\astro-theme-pure\\node_modules\\@rollup\\rollup-freebsd-x64'
56 silly reify ]
57 verbose reify failed optional dependency D:\BLOG\astro-theme-pure\node_modules\@rollup\rollup-freebsd-arm64
58 silly reify mark deleted [
58 silly reify   'D:\\BLOG\\astro-theme-pure\\node_modules\\@rollup\\rollup-freebsd-arm64'
58 silly reify ]
59 verbose reify failed optional dependency D:\BLOG\astro-theme-pure\node_modules\@rollup\rollup-darwin-x64
60 silly reify mark deleted [
60 silly reify   'D:\\BLOG\\astro-theme-pure\\node_modules\\@rollup\\rollup-darwin-x64'
60 silly reify ]
61 verbose reify failed optional dependency D:\BLOG\astro-theme-pure\node_modules\@rollup\rollup-darwin-arm64
62 silly reify mark deleted [
62 silly reify   'D:\\BLOG\\astro-theme-pure\\node_modules\\@rollup\\rollup-darwin-arm64'
62 silly reify ]
63 verbose reify failed optional dependency D:\BLOG\astro-theme-pure\node_modules\@rollup\rollup-android-arm64
64 silly reify mark deleted [
64 silly reify   'D:\\BLOG\\astro-theme-pure\\node_modules\\@rollup\\rollup-android-arm64'
64 silly reify ]
65 verbose reify failed optional dependency D:\BLOG\astro-theme-pure\node_modules\@rollup\rollup-android-arm-eabi
66 silly reify mark deleted [
66 silly reify   'D:\\BLOG\\astro-theme-pure\\node_modules\\@rollup\\rollup-android-arm-eabi'
66 silly reify ]
67 verbose reify failed optional dependency D:\BLOG\astro-theme-pure\node_modules\@pagefind\linux-x64
68 silly reify mark deleted [ 'D:\\BLOG\\astro-theme-pure\\node_modules\\@pagefind\\linux-x64' ]
69 verbose reify failed optional dependency D:\BLOG\astro-theme-pure\node_modules\@pagefind\linux-arm64
70 silly reify mark deleted [ 'D:\\BLOG\\astro-theme-pure\\node_modules\\@pagefind\\linux-arm64' ]
71 verbose reify failed optional dependency D:\BLOG\astro-theme-pure\node_modules\@pagefind\freebsd-x64
72 silly reify mark deleted [ 'D:\\BLOG\\astro-theme-pure\\node_modules\\@pagefind\\freebsd-x64' ]
73 verbose reify failed optional dependency D:\BLOG\astro-theme-pure\node_modules\@pagefind\darwin-x64
74 silly reify mark deleted [ 'D:\\BLOG\\astro-theme-pure\\node_modules\\@pagefind\\darwin-x64' ]
75 verbose reify failed optional dependency D:\BLOG\astro-theme-pure\node_modules\@pagefind\darwin-arm64
76 silly reify mark deleted [ 'D:\\BLOG\\astro-theme-pure\\node_modules\\@pagefind\\darwin-arm64' ]
77 verbose reify failed optional dependency D:\BLOG\astro-theme-pure\node_modules\@oxc-parser\binding-win32-ia32-msvc
78 silly reify mark deleted [
78 silly reify   'D:\\BLOG\\astro-theme-pure\\node_modules\\@oxc-parser\\binding-win32-ia32-msvc'
78 silly reify ]
79 verbose reify failed optional dependency D:\BLOG\astro-theme-pure\node_modules\@oxc-parser\binding-win32-arm64-msvc
80 silly reify mark deleted [
80 silly reify   'D:\\BLOG\\astro-theme-pure\\node_modules\\@oxc-parser\\binding-win32-arm64-msvc'
80 silly reify ]
81 verbose reify failed optional dependency D:\BLOG\astro-theme-pure\node_modules\@oxc-parser\binding-wasm32-wasi
82 silly reify mark deleted [
82 silly reify   'D:\\BLOG\\astro-theme-pure\\node_modules\\@oxc-parser\\binding-wasm32-wasi'
82 silly reify ]
83 verbose reify failed optional dependency D:\BLOG\astro-theme-pure\node_modules\@napi-rs\wasm-runtime
84 silly reify mark deleted [ 'D:\\BLOG\\astro-theme-pure\\node_modules\\@napi-rs\\wasm-runtime' ]
85 verbose reify failed optional dependency D:\BLOG\astro-theme-pure\node_modules\@emnapi\core
86 silly reify mark deleted [ 'D:\\BLOG\\astro-theme-pure\\node_modules\\@emnapi\\core' ]
87 verbose reify failed optional dependency D:\BLOG\astro-theme-pure\node_modules\@tybys\wasm-util
88 silly reify mark deleted [ 'D:\\BLOG\\astro-theme-pure\\node_modules\\@tybys\\wasm-util' ]
89 verbose reify failed optional dependency D:\BLOG\astro-theme-pure\node_modules\@emnapi\wasi-threads
90 silly reify mark deleted [ 'D:\\BLOG\\astro-theme-pure\\node_modules\\@emnapi\\wasi-threads' ]
91 verbose reify failed optional dependency D:\BLOG\astro-theme-pure\node_modules\@oxc-parser\binding-openharmony-arm64
92 silly reify mark deleted [
92 silly reify   'D:\\BLOG\\astro-theme-pure\\node_modules\\@oxc-parser\\binding-openharmony-arm64'
92 silly reify ]
93 verbose reify failed optional dependency D:\BLOG\astro-theme-pure\node_modules\@oxc-parser\binding-linux-x64-musl
94 silly reify mark deleted [
94 silly reify   'D:\\BLOG\\astro-theme-pure\\node_modules\\@oxc-parser\\binding-linux-x64-musl'
94 silly reify ]
95 verbose reify failed optional dependency D:\BLOG\astro-theme-pure\node_modules\@oxc-parser\binding-linux-x64-gnu
96 silly reify mark deleted [
96 silly reify   'D:\\BLOG\\astro-theme-pure\\node_modules\\@oxc-parser\\binding-linux-x64-gnu'
96 silly reify ]
97 verbose reify failed optional dependency D:\BLOG\astro-theme-pure\node_modules\@oxc-parser\binding-linux-s390x-gnu
98 silly reify mark deleted [
98 silly reify   'D:\\BLOG\\astro-theme-pure\\node_modules\\@oxc-parser\\binding-linux-s390x-gnu'
98 silly reify ]
99 verbose reify failed optional dependency D:\BLOG\astro-theme-pure\node_modules\@oxc-parser\binding-linux-riscv64-musl
100 silly reify mark deleted [
100 silly reify   'D:\\BLOG\\astro-theme-pure\\node_modules\\@oxc-parser\\binding-linux-riscv64-musl'
100 silly reify ]
101 verbose reify failed optional dependency D:\BLOG\astro-theme-pure\node_modules\@oxc-parser\binding-linux-riscv64-gnu
102 silly reify mark deleted [
102 silly reify   'D:\\BLOG\\astro-theme-pure\\node_modules\\@oxc-parser\\binding-linux-riscv64-gnu'
102 silly reify ]
103 verbose reify failed optional dependency D:\BLOG\astro-theme-pure\node_modules\@oxc-parser\binding-linux-ppc64-gnu
104 silly reify mark deleted [
104 silly reify   'D:\\BLOG\\astro-theme-pure\\node_modules\\@oxc-parser\\binding-linux-ppc64-gnu'
104 silly reify ]
105 verbose reify failed optional dependency D:\BLOG\astro-theme-pure\node_modules\@oxc-parser\binding-linux-arm64-musl
106 silly reify mark deleted [
106 silly reify   'D:\\BLOG\\astro-theme-pure\\node_modules\\@oxc-parser\\binding-linux-arm64-musl'
106 silly reify ]
107 verbose reify failed optional dependency D:\BLOG\astro-theme-pure\node_modules\@oxc-parser\binding-linux-arm64-gnu
108 silly reify mark deleted [
108 silly reify   'D:\\BLOG\\astro-theme-pure\\node_modules\\@oxc-parser\\binding-linux-arm64-gnu'
108 silly reify ]
109 verbose reify failed optional dependency D:\BLOG\astro-theme-pure\node_modules\@oxc-parser\binding-linux-arm-musleabihf
110 silly reify mark deleted [
110 silly reify   'D:\\BLOG\\astro-theme-pure\\node_modules\\@oxc-parser\\binding-linux-arm-musleabihf'
110 silly reify ]
111 verbose reify failed optional dependency D:\BLOG\astro-theme-pure\node_modules\@oxc-parser\binding-linux-arm-gnueabihf
112 silly reify mark deleted [
112 silly reify   'D:\\BLOG\\astro-theme-pure\\node_modules\\@oxc-parser\\binding-linux-arm-gnueabihf'
112 silly reify ]
113 verbose reify failed optional dependency D:\BLOG\astro-theme-pure\node_modules\@oxc-parser\binding-freebsd-x64
114 silly reify mark deleted [
114 silly reify   'D:\\BLOG\\astro-theme-pure\\node_modules\\@oxc-parser\\binding-freebsd-x64'
114 silly reify ]
115 verbose reify failed optional dependency D:\BLOG\astro-theme-pure\node_modules\@oxc-parser\binding-darwin-x64
116 silly reify mark deleted [
116 silly reify   'D:\\BLOG\\astro-theme-pure\\node_modules\\@oxc-parser\\binding-darwin-x64'
116 silly reify ]
117 verbose reify failed optional dependency D:\BLOG\astro-theme-pure\node_modules\@oxc-parser\binding-darwin-arm64
118 silly reify mark deleted [
118 silly reify   'D:\\BLOG\\astro-theme-pure\\node_modules\\@oxc-parser\\binding-darwin-arm64'
118 silly reify ]
119 verbose reify failed optional dependency D:\BLOG\astro-theme-pure\node_modules\@oxc-parser\binding-android-arm64
120 silly reify mark deleted [
120 silly reify   'D:\\BLOG\\astro-theme-pure\\node_modules\\@oxc-parser\\binding-android-arm64'
120 silly reify ]
121 verbose reify failed optional dependency D:\BLOG\astro-theme-pure\node_modules\@oxc-parser\binding-android-arm-eabi
122 silly reify mark deleted [
122 silly reify   'D:\\BLOG\\astro-theme-pure\\node_modules\\@oxc-parser\\binding-android-arm-eabi'
122 silly reify ]
123 verbose reify failed optional dependency D:\BLOG\astro-theme-pure\node_modules\@img\sharp-win32-ia32
124 silly reify mark deleted [ 'D:\\BLOG\\astro-theme-pure\\node_modules\\@img\\sharp-win32-ia32' ]
125 verbose reify failed optional dependency D:\BLOG\astro-theme-pure\node_modules\@img\sharp-win32-arm64
126 silly reify mark deleted [ 'D:\\BLOG\\astro-theme-pure\\node_modules\\@img\\sharp-win32-arm64' ]
127 verbose reify failed optional dependency D:\BLOG\astro-theme-pure\node_modules\@img\sharp-wasm32
128 silly reify mark deleted [ 'D:\\BLOG\\astro-theme-pure\\node_modules\\@img\\sharp-wasm32' ]
129 verbose reify failed optional dependency D:\BLOG\astro-theme-pure\node_modules\@img\sharp-linuxmusl-x64
130 silly reify mark deleted [
130 silly reify   'D:\\BLOG\\astro-theme-pure\\node_modules\\@img\\sharp-linuxmusl-x64'
130 silly reify ]
131 verbose reify failed optional dependency D:\BLOG\astro-theme-pure\node_modules\@img\sharp-linuxmusl-arm64
132 silly reify mark deleted [
132 silly reify   'D:\\BLOG\\astro-theme-pure\\node_modules\\@img\\sharp-linuxmusl-arm64'
132 silly reify ]
133 verbose reify failed optional dependency D:\BLOG\astro-theme-pure\node_modules\@img\sharp-linux-x64
134 silly reify mark deleted [ 'D:\\BLOG\\astro-theme-pure\\node_modules\\@img\\sharp-linux-x64' ]
135 verbose reify failed optional dependency D:\BLOG\astro-theme-pure\node_modules\@img\sharp-linux-s390x
136 silly reify mark deleted [ 'D:\\BLOG\\astro-theme-pure\\node_modules\\@img\\sharp-linux-s390x' ]
137 verbose reify failed optional dependency D:\BLOG\astro-theme-pure\node_modules\@img\sharp-linux-riscv64
138 silly reify mark deleted [
138 silly reify   'D:\\BLOG\\astro-theme-pure\\node_modules\\@img\\sharp-linux-riscv64'
138 silly reify ]
139 verbose reify failed optional dependency D:\BLOG\astro-theme-pure\node_modules\@img\sharp-linux-ppc64
140 silly reify mark deleted [ 'D:\\BLOG\\astro-theme-pure\\node_modules\\@img\\sharp-linux-ppc64' ]
141 verbose reify failed optional dependency D:\BLOG\astro-theme-pure\node_modules\@img\sharp-linux-arm64
142 silly reify mark deleted [ 'D:\\BLOG\\astro-theme-pure\\node_modules\\@img\\sharp-linux-arm64' ]
143 verbose reify failed optional dependency D:\BLOG\astro-theme-pure\node_modules\@img\sharp-linux-arm
144 silly reify mark deleted [ 'D:\\BLOG\\astro-theme-pure\\node_modules\\@img\\sharp-linux-arm' ]
145 verbose reify failed optional dependency D:\BLOG\astro-theme-pure\node_modules\@img\sharp-libvips-linuxmusl-x64
146 silly reify mark deleted [
146 silly reify   'D:\\BLOG\\astro-theme-pure\\node_modules\\@img\\sharp-libvips-linuxmusl-x64'
146 silly reify ]
147 verbose reify failed optional dependency D:\BLOG\astro-theme-pure\node_modules\@img\sharp-libvips-linuxmusl-arm64
148 silly reify mark deleted [
148 silly reify   'D:\\BLOG\\astro-theme-pure\\node_modules\\@img\\sharp-libvips-linuxmusl-arm64'
148 silly reify ]
149 verbose reify failed optional dependency D:\BLOG\astro-theme-pure\node_modules\@img\sharp-libvips-linux-x64
150 silly reify mark deleted [
150 silly reify   'D:\\BLOG\\astro-theme-pure\\node_modules\\@img\\sharp-libvips-linux-x64'
150 silly reify ]
151 verbose reify failed optional dependency D:\BLOG\astro-theme-pure\node_modules\@img\sharp-libvips-linux-s390x
152 silly reify mark deleted [
152 silly reify   'D:\\BLOG\\astro-theme-pure\\node_modules\\@img\\sharp-libvips-linux-s390x'
152 silly reify ]
153 verbose reify failed optional dependency D:\BLOG\astro-theme-pure\node_modules\@img\sharp-libvips-linux-riscv64
154 silly reify mark deleted [
154 silly reify   'D:\\BLOG\\astro-theme-pure\\node_modules\\@img\\sharp-libvips-linux-riscv64'
154 silly reify ]
155 verbose reify failed optional dependency D:\BLOG\astro-theme-pure\node_modules\@img\sharp-libvips-linux-ppc64
156 silly reify mark deleted [
156 silly reify   'D:\\BLOG\\astro-theme-pure\\node_modules\\@img\\sharp-libvips-linux-ppc64'
156 silly reify ]
157 verbose reify failed optional dependency D:\BLOG\astro-theme-pure\node_modules\@img\sharp-libvips-linux-arm64
158 silly reify mark deleted [
158 silly reify   'D:\\BLOG\\astro-theme-pure\\node_modules\\@img\\sharp-libvips-linux-arm64'
158 silly reify ]
159 verbose reify failed optional dependency D:\BLOG\astro-theme-pure\node_modules\@img\sharp-libvips-linux-arm
160 silly reify mark deleted [
160 silly reify   'D:\\BLOG\\astro-theme-pure\\node_modules\\@img\\sharp-libvips-linux-arm'
160 silly reify ]
161 verbose reify failed optional dependency D:\BLOG\astro-theme-pure\node_modules\@img\sharp-libvips-darwin-x64
162 silly reify mark deleted [
162 silly reify   'D:\\BLOG\\astro-theme-pure\\node_modules\\@img\\sharp-libvips-darwin-x64'
162 silly reify ]
163 verbose reify failed optional dependency D:\BLOG\astro-theme-pure\node_modules\@img\sharp-libvips-darwin-arm64
164 silly reify mark deleted [
164 silly reify   'D:\\BLOG\\astro-theme-pure\\node_modules\\@img\\sharp-libvips-darwin-arm64'
164 silly reify ]
165 verbose reify failed optional dependency D:\BLOG\astro-theme-pure\node_modules\@img\sharp-darwin-x64
166 silly reify mark deleted [ 'D:\\BLOG\\astro-theme-pure\\node_modules\\@img\\sharp-darwin-x64' ]
167 verbose reify failed optional dependency D:\BLOG\astro-theme-pure\node_modules\@img\sharp-darwin-arm64
168 silly reify mark deleted [
168 silly reify   'D:\\BLOG\\astro-theme-pure\\node_modules\\@img\\sharp-darwin-arm64'
168 silly reify ]
169 verbose reify failed optional dependency D:\BLOG\astro-theme-pure\node_modules\@esbuild\win32-ia32
170 silly reify mark deleted [ 'D:\\BLOG\\astro-theme-pure\\node_modules\\@esbuild\\win32-ia32' ]
171 verbose reify failed optional dependency D:\BLOG\astro-theme-pure\node_modules\@esbuild\win32-arm64
172 silly reify mark deleted [ 'D:\\BLOG\\astro-theme-pure\\node_modules\\@esbuild\\win32-arm64' ]
173 verbose reify failed optional dependency D:\BLOG\astro-theme-pure\node_modules\@esbuild\sunos-x64
174 silly reify mark deleted [ 'D:\\BLOG\\astro-theme-pure\\node_modules\\@esbuild\\sunos-x64' ]
175 verbose reify failed optional dependency D:\BLOG\astro-theme-pure\node_modules\@esbuild\openharmony-arm64
176 silly reify mark deleted [
176 silly reify   'D:\\BLOG\\astro-theme-pure\\node_modules\\@esbuild\\openharmony-arm64'
176 silly reify ]
177 verbose reify failed optional dependency D:\BLOG\astro-theme-pure\node_modules\@esbuild\openbsd-x64
178 silly reify mark deleted [ 'D:\\BLOG\\astro-theme-pure\\node_modules\\@esbuild\\openbsd-x64' ]
179 verbose reify failed optional dependency D:\BLOG\astro-theme-pure\node_modules\@esbuild\openbsd-arm64
180 silly reify mark deleted [ 'D:\\BLOG\\astro-theme-pure\\node_modules\\@esbuild\\openbsd-arm64' ]
181 verbose reify failed optional dependency D:\BLOG\astro-theme-pure\node_modules\@esbuild\netbsd-x64
182 silly reify mark deleted [ 'D:\\BLOG\\astro-theme-pure\\node_modules\\@esbuild\\netbsd-x64' ]
183 verbose reify failed optional dependency D:\BLOG\astro-theme-pure\node_modules\@esbuild\netbsd-arm64
184 silly reify mark deleted [ 'D:\\BLOG\\astro-theme-pure\\node_modules\\@esbuild\\netbsd-arm64' ]
185 verbose reify failed optional dependency D:\BLOG\astro-theme-pure\node_modules\@esbuild\linux-x64
186 silly reify mark deleted [ 'D:\\BLOG\\astro-theme-pure\\node_modules\\@esbuild\\linux-x64' ]
187 verbose reify failed optional dependency D:\BLOG\astro-theme-pure\node_modules\@esbuild\linux-s390x
188 silly reify mark deleted [ 'D:\\BLOG\\astro-theme-pure\\node_modules\\@esbuild\\linux-s390x' ]
189 verbose reify failed optional dependency D:\BLOG\astro-theme-pure\node_modules\@esbuild\linux-riscv64
190 silly reify mark deleted [ 'D:\\BLOG\\astro-theme-pure\\node_modules\\@esbuild\\linux-riscv64' ]
191 verbose reify failed optional dependency D:\BLOG\astro-theme-pure\node_modules\@esbuild\linux-ppc64
192 silly reify mark deleted [ 'D:\\BLOG\\astro-theme-pure\\node_modules\\@esbuild\\linux-ppc64' ]
193 verbose reify failed optional dependency D:\BLOG\astro-theme-pure\node_modules\@esbuild\linux-mips64el
194 silly reify mark deleted [
194 silly reify   'D:\\BLOG\\astro-theme-pure\\node_modules\\@esbuild\\linux-mips64el'
194 silly reify ]
195 verbose reify failed optional dependency D:\BLOG\astro-theme-pure\node_modules\@esbuild\linux-loong64
196 silly reify mark deleted [ 'D:\\BLOG\\astro-theme-pure\\node_modules\\@esbuild\\linux-loong64' ]
197 verbose reify failed optional dependency D:\BLOG\astro-theme-pure\node_modules\@esbuild\linux-ia32
198 silly reify mark deleted [ 'D:\\BLOG\\astro-theme-pure\\node_modules\\@esbuild\\linux-ia32' ]
199 verbose reify failed optional dependency D:\BLOG\astro-theme-pure\node_modules\@esbuild\linux-arm64
200 silly reify mark deleted [ 'D:\\BLOG\\astro-theme-pure\\node_modules\\@esbuild\\linux-arm64' ]
201 verbose reify failed optional dependency D:\BLOG\astro-theme-pure\node_modules\@esbuild\linux-arm
202 silly reify mark deleted [ 'D:\\BLOG\\astro-theme-pure\\node_modules\\@esbuild\\linux-arm' ]
203 verbose reify failed optional dependency D:\BLOG\astro-theme-pure\node_modules\@esbuild\freebsd-x64
204 silly reify mark deleted [ 'D:\\BLOG\\astro-theme-pure\\node_modules\\@esbuild\\freebsd-x64' ]
205 verbose reify failed optional dependency D:\BLOG\astro-theme-pure\node_modules\@esbuild\freebsd-arm64
206 silly reify mark deleted [ 'D:\\BLOG\\astro-theme-pure\\node_modules\\@esbuild\\freebsd-arm64' ]
207 verbose reify failed optional dependency D:\BLOG\astro-theme-pure\node_modules\@esbuild\darwin-x64
208 silly reify mark deleted [ 'D:\\BLOG\\astro-theme-pure\\node_modules\\@esbuild\\darwin-x64' ]
209 verbose reify failed optional dependency D:\BLOG\astro-theme-pure\node_modules\@esbuild\darwin-arm64
210 silly reify mark deleted [ 'D:\\BLOG\\astro-theme-pure\\node_modules\\@esbuild\\darwin-arm64' ]
211 verbose reify failed optional dependency D:\BLOG\astro-theme-pure\node_modules\@esbuild\android-x64
212 silly reify mark deleted [ 'D:\\BLOG\\astro-theme-pure\\node_modules\\@esbuild\\android-x64' ]
213 verbose reify failed optional dependency D:\BLOG\astro-theme-pure\node_modules\@esbuild\android-arm64
214 silly reify mark deleted [ 'D:\\BLOG\\astro-theme-pure\\node_modules\\@esbuild\\android-arm64' ]
215 verbose reify failed optional dependency D:\BLOG\astro-theme-pure\node_modules\@esbuild\android-arm
216 silly reify mark deleted [ 'D:\\BLOG\\astro-theme-pure\\node_modules\\@esbuild\\android-arm' ]
217 verbose reify failed optional dependency D:\BLOG\astro-theme-pure\node_modules\@esbuild\aix-ppc64
218 silly reify mark deleted [ 'D:\\BLOG\\astro-theme-pure\\node_modules\\@esbuild\\aix-ppc64' ]
219 verbose reify failed optional dependency D:\BLOG\astro-theme-pure\node_modules\astro\node_modules\@esbuild\win32-ia32
220 silly reify mark deleted [
220 silly reify   'D:\\BLOG\\astro-theme-pure\\node_modules\\astro\\node_modules\\@esbuild\\win32-ia32'
220 silly reify ]
221 verbose reify failed optional dependency D:\BLOG\astro-theme-pure\node_modules\astro\node_modules\@esbuild\win32-arm64
222 silly reify mark deleted [
222 silly reify   'D:\\BLOG\\astro-theme-pure\\node_modules\\astro\\node_modules\\@esbuild\\win32-arm64'
222 silly reify ]
223 verbose reify failed optional dependency D:\BLOG\astro-theme-pure\node_modules\astro\node_modules\@esbuild\sunos-x64
224 silly reify mark deleted [
224 silly reify   'D:\\BLOG\\astro-theme-pure\\node_modules\\astro\\node_modules\\@esbuild\\sunos-x64'
224 silly reify ]
225 verbose reify failed optional dependency D:\BLOG\astro-theme-pure\node_modules\astro\node_modules\@esbuild\openharmony-arm64
226 silly reify mark deleted [
226 silly reify   'D:\\BLOG\\astro-theme-pure\\node_modules\\astro\\node_modules\\@esbuild\\openharmony-arm64'
226 silly reify ]
227 verbose reify failed optional dependency D:\BLOG\astro-theme-pure\node_modules\astro\node_modules\@esbuild\openbsd-x64
228 silly reify mark deleted [
228 silly reify   'D:\\BLOG\\astro-theme-pure\\node_modules\\astro\\node_modules\\@esbuild\\openbsd-x64'
228 silly reify ]
229 verbose reify failed optional dependency D:\BLOG\astro-theme-pure\node_modules\astro\node_modules\@esbuild\openbsd-arm64
230 silly reify mark deleted [
230 silly reify   'D:\\BLOG\\astro-theme-pure\\node_modules\\astro\\node_modules\\@esbuild\\openbsd-arm64'
230 silly reify ]
231 verbose reify failed optional dependency D:\BLOG\astro-theme-pure\node_modules\astro\node_modules\@esbuild\netbsd-x64
232 silly reify mark deleted [
232 silly reify   'D:\\BLOG\\astro-theme-pure\\node_modules\\astro\\node_modules\\@esbuild\\netbsd-x64'
232 silly reify ]
233 verbose reify failed optional dependency D:\BLOG\astro-theme-pure\node_modules\astro\node_modules\@esbuild\netbsd-arm64
234 silly reify mark deleted [
234 silly reify   'D:\\BLOG\\astro-theme-pure\\node_modules\\astro\\node_modules\\@esbuild\\netbsd-arm64'
234 silly reify ]
235 verbose reify failed optional dependency D:\BLOG\astro-theme-pure\node_modules\astro\node_modules\@esbuild\linux-x64
236 silly reify mark deleted [
236 silly reify   'D:\\BLOG\\astro-theme-pure\\node_modules\\astro\\node_modules\\@esbuild\\linux-x64'
236 silly reify ]
237 verbose reify failed optional dependency D:\BLOG\astro-theme-pure\node_modules\astro\node_modules\@esbuild\linux-s390x
238 silly reify mark deleted [
238 silly reify   'D:\\BLOG\\astro-theme-pure\\node_modules\\astro\\node_modules\\@esbuild\\linux-s390x'
238 silly reify ]
239 verbose reify failed optional dependency D:\BLOG\astro-theme-pure\node_modules\astro\node_modules\@esbuild\linux-riscv64
240 silly reify mark deleted [
240 silly reify   'D:\\BLOG\\astro-theme-pure\\node_modules\\astro\\node_modules\\@esbuild\\linux-riscv64'
240 silly reify ]
241 verbose reify failed optional dependency D:\BLOG\astro-theme-pure\node_modules\astro\node_modules\@esbuild\linux-ppc64
242 silly reify mark deleted [
242 silly reify   'D:\\BLOG\\astro-theme-pure\\node_modules\\astro\\node_modules\\@esbuild\\linux-ppc64'
242 silly reify ]
243 verbose reify failed optional dependency D:\BLOG\astro-theme-pure\node_modules\astro\node_modules\@esbuild\linux-mips64el
244 silly reify mark deleted [
244 silly reify   'D:\\BLOG\\astro-theme-pure\\node_modules\\astro\\node_modules\\@esbuild\\linux-mips64el'
244 silly reify ]
245 verbose reify failed optional dependency D:\BLOG\astro-theme-pure\node_modules\astro\node_modules\@esbuild\linux-loong64
246 silly reify mark deleted [
246 silly reify   'D:\\BLOG\\astro-theme-pure\\node_modules\\astro\\node_modules\\@esbuild\\linux-loong64'
246 silly reify ]
247 verbose reify failed optional dependency D:\BLOG\astro-theme-pure\node_modules\astro\node_modules\@esbuild\linux-ia32
248 silly reify mark deleted [
248 silly reify   'D:\\BLOG\\astro-theme-pure\\node_modules\\astro\\node_modules\\@esbuild\\linux-ia32'
248 silly reify ]
249 verbose reify failed optional dependency D:\BLOG\astro-theme-pure\node_modules\astro\node_modules\@esbuild\linux-arm64
250 silly reify mark deleted [
250 silly reify   'D:\\BLOG\\astro-theme-pure\\node_modules\\astro\\node_modules\\@esbuild\\linux-arm64'
250 silly reify ]
251 verbose reify failed optional dependency D:\BLOG\astro-theme-pure\node_modules\astro\node_modules\@esbuild\linux-arm
252 silly reify mark deleted [
252 silly reify   'D:\\BLOG\\astro-theme-pure\\node_modules\\astro\\node_modules\\@esbuild\\linux-arm'
252 silly reify ]
253 verbose reify failed optional dependency D:\BLOG\astro-theme-pure\node_modules\astro\node_modules\@esbuild\freebsd-x64
254 silly reify mark deleted [
254 silly reify   'D:\\BLOG\\astro-theme-pure\\node_modules\\astro\\node_modules\\@esbuild\\freebsd-x64'
254 silly reify ]
255 verbose reify failed optional dependency D:\BLOG\astro-theme-pure\node_modules\astro\node_modules\@esbuild\freebsd-arm64
256 silly reify mark deleted [
256 silly reify   'D:\\BLOG\\astro-theme-pure\\node_modules\\astro\\node_modules\\@esbuild\\freebsd-arm64'
256 silly reify ]
257 verbose reify failed optional dependency D:\BLOG\astro-theme-pure\node_modules\astro\node_modules\@esbuild\darwin-x64
258 silly reify mark deleted [
258 silly reify   'D:\\BLOG\\astro-theme-pure\\node_modules\\astro\\node_modules\\@esbuild\\darwin-x64'
258 silly reify ]
259 verbose reify failed optional dependency D:\BLOG\astro-theme-pure\node_modules\astro\node_modules\@esbuild\darwin-arm64
260 silly reify mark deleted [
260 silly reify   'D:\\BLOG\\astro-theme-pure\\node_modules\\astro\\node_modules\\@esbuild\\darwin-arm64'
260 silly reify ]
261 verbose reify failed optional dependency D:\BLOG\astro-theme-pure\node_modules\astro\node_modules\@esbuild\android-x64
262 silly reify mark deleted [
262 silly reify   'D:\\BLOG\\astro-theme-pure\\node_modules\\astro\\node_modules\\@esbuild\\android-x64'
262 silly reify ]
263 verbose reify failed optional dependency D:\BLOG\astro-theme-pure\node_modules\astro\node_modules\@esbuild\android-arm64
264 silly reify mark deleted [
264 silly reify   'D:\\BLOG\\astro-theme-pure\\node_modules\\astro\\node_modules\\@esbuild\\android-arm64'
264 silly reify ]
265 verbose reify failed optional dependency D:\BLOG\astro-theme-pure\node_modules\astro\node_modules\@esbuild\android-arm
266 silly reify mark deleted [
266 silly reify   'D:\\BLOG\\astro-theme-pure\\node_modules\\astro\\node_modules\\@esbuild\\android-arm'
266 silly reify ]
267 verbose reify failed optional dependency D:\BLOG\astro-theme-pure\node_modules\astro\node_modules\@esbuild\aix-ppc64
268 silly reify mark deleted [
268 silly reify   'D:\\BLOG\\astro-theme-pure\\node_modules\\astro\\node_modules\\@esbuild\\aix-ppc64'
268 silly reify ]
269 http cache @tybys/wasm-util@https://registry.npmmirror.com/@tybys/wasm-util/-/wasm-util-0.10.1.tgz 0ms (cache hit)
270 http cache @napi-rs/wasm-runtime@https://registry.npmmirror.com/@napi-rs/wasm-runtime/-/wasm-runtime-1.1.2.tgz 0ms (cache hit)
271 http cache @emnapi/wasi-threads@https://registry.npmmirror.com/@emnapi/wasi-threads/-/wasi-threads-1.2.1.tgz 0ms (cache hit)
272 http cache @emnapi/core@https://registry.npmmirror.com/@emnapi/core/-/core-1.9.2.tgz 0ms (cache hit)
273 http fetch POST 404 https://registry.npmmirror.com/-/npm/v1/security/advisories/bulk 7669ms (cache skip)
274 silly audit bulk request failed [object Object]
275 http fetch POST 404 https://registry.npmmirror.com/-/npm/v1/security/audits/quick 180ms (cache skip)
276 verbose audit error HttpErrorGeneral: 404 Not Found - POST https://registry.npmmirror.com/-/npm/v1/security/audits/quick - [NOT_IMPLEMENTED] /-/npm/v1/security/* not implemented yet
276 verbose audit error     at D:\Program Files\nodejs\node_modules\npm\node_modules\npm-registry-fetch\lib\check-response.js:103:15
276 verbose audit error     at process.processTicksAndRejections (node:internal/process/task_queues:105:5)
276 verbose audit error     at async [getReport] (D:\Program Files\nodejs\node_modules\npm\node_modules\@npmcli\arborist\lib\audit-report.js:336:21)
276 verbose audit error     at async AuditReport.run (D:\Program Files\nodejs\node_modules\npm\node_modules\@npmcli\arborist\lib\audit-report.js:106:19)
276 verbose audit error     at async Arborist.reify (D:\Program Files\nodejs\node_modules\npm\node_modules\@npmcli\arborist\lib\arborist\reify.js:268:24)
276 verbose audit error     at async Install.exec (D:\Program Files\nodejs\node_modules\npm\lib\commands\install.js:150:5)
276 verbose audit error     at async Npm.exec (D:\Program Files\nodejs\node_modules\npm\lib\npm.js:207:9)
276 verbose audit error     at async module.exports (D:\Program Files\nodejs\node_modules\npm\lib\cli\entry.js:74:5) {
276 verbose audit error   headers: [Object: null prototype] {
276 verbose audit error     server: [ 'Tengine' ],
276 verbose audit error     date: [ 'Sat, 04 Apr 2026 13:32:32 GMT' ],
276 verbose audit error     'content-type': [ 'application/json' ],
276 verbose audit error     'transfer-encoding': [ 'chunked' ],
276 verbose audit error     connection: [ 'keep-alive' ],
276 verbose audit error     'strict-transport-security': [ 'max-age=5184000' ],
276 verbose audit error     via: [ 'ens-cache17.sg25[,404666]' ],
276 verbose audit error     'timing-allow-origin': [ '*' ],
276 verbose audit error     eagleid: [ 'a3b5c9a517753095528693157e' ],
276 verbose audit error     'x-fetch-attempts': [ '1' ],
276 verbose audit error     'x-local-cache-status': [ 'skip' ]
276 verbose audit error   },
276 verbose audit error   statusCode: 404,
276 verbose audit error   code: 'E404',
276 verbose audit error   method: 'POST',
276 verbose audit error   uri: 'https://registry.npmmirror.com/-/npm/v1/security/audits/quick',
276 verbose audit error   body: {
276 verbose audit error     error: '[NOT_IMPLEMENTED] /-/npm/v1/security/* not implemented yet'
276 verbose audit error   },
276 verbose audit error   pkgid: undefined
276 verbose audit error }
277 silly audit error [object Object]
278 silly audit report null
279 silly ADD
280 silly ADD
281 silly ADD
282 silly ADD
283 silly ADD
284 silly ADD
285 silly ADD
286 silly ADD
287 silly ADD
288 silly ADD
289 silly ADD
290 silly ADD
291 silly ADD
292 silly ADD
293 silly ADD
294 silly ADD
295 silly ADD
296 silly ADD
297 silly ADD
298 silly ADD
299 silly ADD
300 silly ADD
301 silly ADD
302 silly ADD
303 silly ADD
304 silly ADD
305 silly ADD
306 silly ADD
307 silly ADD
308 silly ADD
309 silly ADD
310 silly ADD
311 silly ADD
312 silly ADD
313 silly ADD
314 silly ADD
315 silly ADD
316 silly ADD
317 silly ADD
318 silly ADD
319 silly ADD
320 silly ADD
321 silly ADD
322 silly ADD
323 silly ADD
324 silly ADD
325 silly ADD
326 silly ADD
327 silly ADD
328 silly ADD
329 silly ADD
330 silly ADD
331 silly ADD
332 silly ADD
333 silly ADD
334 silly ADD
335 silly ADD
336 silly ADD
337 silly ADD
338 silly ADD
339 silly ADD
340 silly ADD
341 silly ADD
342 silly ADD
343 silly ADD
344 silly ADD
345 silly ADD
346 silly ADD
347 silly ADD
348 silly ADD
349 silly ADD
350 silly ADD
351 silly ADD
352 silly ADD
353 silly ADD
354 silly ADD
355 silly ADD
356 silly ADD
357 silly ADD
358 silly ADD
359 silly ADD
360 silly ADD
361 silly ADD
362 silly ADD
363 silly ADD
364 silly ADD
365 silly ADD
366 silly ADD
367 silly ADD
368 silly ADD
369 silly ADD
370 silly ADD
371 silly ADD
372 silly ADD
373 silly ADD
374 silly ADD
375 silly ADD
376 silly ADD
377 silly ADD
378 silly ADD
379 silly ADD
380 silly ADD
381 silly ADD
382 silly ADD
383 silly ADD
384 silly ADD
385 silly ADD
386 silly ADD
387 silly ADD
388 silly ADD
389 silly ADD
390 silly ADD
391 silly ADD
392 silly ADD
393 silly ADD
394 silly ADD
395 silly ADD
396 silly ADD
397 silly ADD
398 silly ADD
399 silly ADD
400 silly ADD
401 silly ADD
402 silly ADD
403 silly ADD
404 verbose cwd D:\BLOG\astro-theme-pure
405 verbose os Windows_NT 10.0.22631
406 verbose node v22.17.0
407 verbose npm  v10.9.2
408 verbose exit 0
409 info ok
